<?xml version="1.0" encoding="UTF-8"?>
<!-- Generated by org.testng.reporters.JUnitReportReporter -->
<testsuite hostname="LAPTOP-5KMFOFH9" failures="0" tests="1" name="apiTest.Serialization_Deserialization" time="0.456" errors="0" timestamp="2024-06-18T21:57:01 IST" skipped="0">
  <testcase classname="apiTest.Serialization_Deserialization" name="deserialization" time="0.456"/>
  <system-out/>
</testsuite> <!-- apiTest.Serialization_Deserialization -->
