<?xml version="1.0" encoding="UTF-8"?>
<!-- Generated by org.testng.reporters.JUnitReportReporter -->
<testsuite hostname="LAPTOP-5KMFOFH9" failures="0" tests="1" name="driverSessions.SessionWithAppPackageandAppActivity" time="10.788" errors="0" timestamp="2024-06-24T21:34:22 IST" skipped="0">
  <testcase classname="driverSessions.SessionWithAppPackageandAppActivity" name="createSession" time="10.788"/>
  <system-out/>
</testsuite> <!-- driverSessions.SessionWithAppPackageandAppActivity -->
