<?xml version="1.0" encoding="UTF-8"?>
<!-- Generated by org.testng.reporters.JUnitReportReporter -->
<testsuite hostname="LAPTOP-5KMFOFH9" failures="0" tests="1" name="mobileScenarios.NetworkConfigurationTest" time="23.550" errors="0" timestamp="2024-06-26T20:55:51 IST" skipped="0">
  <testcase classname="mobileScenarios.NetworkConfigurationTest" name="testConfiguration" time="23.550"/>
  <system-out/>
</testsuite> <!-- mobileScenarios.NetworkConfigurationTest -->
