<?xml version="1.0" encoding="UTF-8"?>
<!-- Generated by org.testng.reporters.JUnitReportReporter -->
<testsuite hostname="LAPTOP-5KMFOFH9" failures="0" tests="1" name="httpMethods.POSTRequest" time="4.600" errors="0" timestamp="2024-06-18T20:28:02 IST" skipped="0">
  <testcase classname="httpMethods.POSTRequest" name="post_POJO" time="4.600"/>
  <system-out/>
</testsuite> <!-- httpMethods.POSTRequest -->
