<?xml version="1.0" encoding="UTF-8"?>
<!-- Generated by org.testng.reporters.JUnitReportReporter -->
<testsuite hostname="LAPTOP-5KMFOFH9" failures="0" tests="1" name="mobileScenarios.AndroidKeyEvent" time="24.427" errors="0" timestamp="2024-06-25T22:03:51 IST" skipped="0">
  <testcase classname="mobileScenarios.AndroidKeyEvent" name="testKeyboard" time="24.427"/>
  <system-out/>
</testsuite> <!-- mobileScenarios.AndroidKeyEvent -->
