<?xml version="1.0" encoding="UTF-8"?>
<!-- Generated by org.testng.reporters.JUnitReportReporter -->
<testsuite hostname="LAPTOP-5KMFOFH9" failures="0" tests="3" name="httpMethods.SameUserCreate_Update_Delete" time="5.433" errors="0" timestamp="2024-06-18T20:56:06 IST" skipped="0">
  <testcase classname="httpMethods.SameUserCreate_Update_Delete" name="createNewUser" time="4.546"/>
  <system-out/>
  <testcase classname="httpMethods.SameUserCreate_Update_Delete" name="updateSameUser" time="0.515"/>
  <system-out/>
  <testcase classname="httpMethods.SameUserCreate_Update_Delete" name="deleteSameUser" time="0.372"/>
  <system-out/>
</testsuite> <!-- httpMethods.SameUserCreate_Update_Delete -->
