<?xml version="1.0" encoding="UTF-8"?>
<!-- Generated by org.testng.reporters.JUnitReportReporter -->
<testsuite hostname="LAPTOP-5KMFOFH9" failures="0" tests="1" name="mobileScenarios.AlertHandling" time="15.777" errors="0" timestamp="2024-06-25T22:17:09 IST" skipped="0">
  <testcase classname="mobileScenarios.AlertHandling" name="alertTest" time="15.777"/>
  <system-out/>
</testsuite> <!-- mobileScenarios.AlertHandling -->
