<?xml version="1.0" encoding="UTF-8"?>
<!-- Generated by org.testng.reporters.JUnitReportReporter -->
<testsuite hostname="LAPTOP-5KMFOFH9" failures="0" tests="1" name="scenario2_dropdown.RedBusDropdown" time="7.435" errors="0" timestamp="2024-07-09T22:17:41 IST" skipped="0">
  <testcase classname="scenario2_dropdown.RedBusDropdown" name="tesdropdown" time="7.435"/>
  <system-out/>
</testsuite> <!-- scenario2_dropdown.RedBusDropdown -->
