<?xml version="1.0" encoding="UTF-8"?>
<!-- Generated by org.testng.reporters.JUnitReportReporter -->
<testsuite hostname="LAPTOP-5KMFOFH9" failures="0" tests="1" name="driverSessions.FirstAppiumSession" time="17.809" errors="0" timestamp="2024-06-24T21:05:37 IST" skipped="0">
  <testcase classname="driverSessions.FirstAppiumSession" name="create" time="17.809"/>
  <system-out/>
</testsuite> <!-- driverSessions.FirstAppiumSession -->
