<?xml version="1.0" encoding="UTF-8"?>
<!-- Generated by org.testng.reporters.JUnitReportReporter -->
<testsuite hostname="LAPTOP-5KMFOFH9" failures="0" tests="1" name="mobileScenarios.ScreenShotsDemo" time="12.328" errors="0" timestamp="2024-06-25T22:14:11 IST" skipped="0">
  <testcase classname="mobileScenarios.ScreenShotsDemo" name="takeScreenshot" time="12.328"/>
  <system-out/>
</testsuite> <!-- mobileScenarios.ScreenShotsDemo -->
