<?xml version="1.0" encoding="UTF-8"?>
<!-- Generated by org.testng.reporters.JUnitReportReporter -->
<testsuite hostname="LAPTOP-5KMFOFH9" failures="0" tests="1" name="driverSessions.UiAutomator2OptionsSession" time="11.760" errors="0" timestamp="2024-06-24T21:19:05 IST" skipped="0">
  <testcase classname="driverSessions.UiAutomator2OptionsSession" name="createDriverSession" time="11.760"/>
  <system-out/>
</testsuite> <!-- driverSessions.UiAutomator2OptionsSession -->
