<?xml version="1.0" encoding="UTF-8"?>
<!-- Generated by org.testng.reporters.JUnitReportReporter -->
<testsuite hostname="LAPTOP-5KMFOFH9" failures="0" tests="1" name="mobileElementGestures.DragNDropGesture" time="16.881" errors="0" timestamp="2024-06-25T20:58:59 IST" skipped="0">
  <testcase classname="mobileElementGestures.DragNDropGesture" name="testDrag" time="16.881"/>
  <system-out/>
</testsuite> <!-- mobileElementGestures.DragNDropGesture -->
