<?xml version="1.0" encoding="UTF-8"?>
<!-- Generated by org.testng.reporters.JUnitReportReporter -->
<testsuite hostname="LAPTOP-5KMFOFH9" failures="0" tests="1" name="mobileElementGestures.LongClickGesture" time="18.505" errors="0" timestamp="2024-06-25T20:47:58 IST" skipped="0">
  <testcase classname="mobileElementGestures.LongClickGesture" name="testLongclick" time="18.505"/>
  <system-out/>
</testsuite> <!-- mobileElementGestures.LongClickGesture -->
