<?xml version="1.0" encoding="UTF-8"?>
<!-- Generated by org.testng.reporters.JUnitReportReporter -->
<testsuite hostname="LAPTOP-5KMFOFH9" failures="0" tests="1" name="mobileElementGestures.ScrollGestureTest" time="22.219" errors="0" timestamp="2024-06-25T21:21:58 IST" skipped="0">
  <testcase classname="mobileElementGestures.ScrollGestureTest" name="f" time="22.219"/>
  <system-out/>
</testsuite> <!-- mobileElementGestures.ScrollGestureTest -->
