<?xml version="1.0" encoding="UTF-8"?>
<!-- Generated by org.testng.reporters.JUnitReportReporter -->
<testsuite hostname="LAPTOP-5KMFOFH9" failures="0" tests="1" name="mobileScenarios.PerformanceParameters" time="10.404" errors="0" timestamp="2024-06-26T21:27:46 IST" skipped="0">
  <testcase classname="mobileScenarios.PerformanceParameters" name="testParameters" time="10.404"/>
  <system-out/>
</testsuite> <!-- mobileScenarios.PerformanceParameters -->
