<?xml version="1.0" encoding="UTF-8"?>
<!-- Generated by org.testng.reporters.JUnitReportReporter -->
<testsuite hostname="LAPTOP-5KMFOFH9" failures="0" tests="1" name="mobileElementGestures.ClickGesture" time="13.238" errors="0" timestamp="2024-06-25T20:35:19 IST" skipped="0">
  <testcase classname="mobileElementGestures.ClickGesture" name="testClickGesture" time="13.238"/>
  <system-out/>
</testsuite> <!-- mobileElementGestures.ClickGesture -->
