<?xml version="1.0" encoding="UTF-8"?>
<!-- Generated by org.testng.reporters.JUnitReportReporter -->
<testsuite hostname="LAPTOP-5KMFOFH9" failures="0" tests="1" name="mobileElementGestures.LocatorsDemo" time="29.906" errors="0" timestamp="2024-06-24T22:24:24 IST" skipped="0">
  <testcase classname="mobileElementGestures.LocatorsDemo" name="elementLocators" time="29.906"/>
  <system-out/>
</testsuite> <!-- mobileElementGestures.LocatorsDemo -->
