<?xml version="1.0" encoding="UTF-8"?>
<!-- Generated by org.testng.reporters.JUnitReportReporter -->
<testsuite hostname="LAPTOP-5KMFOFH9" failures="0" tests="1" name="apiTest.HeadersTest" time="2.779" errors="0" timestamp="2024-06-18T21:39:46 IST" skipped="0">
  <testcase classname="apiTest.HeadersTest" name="testHeaders" time="2.779"/>
  <system-out/>
</testsuite> <!-- apiTest.HeadersTest -->
