<?xml version="1.0" encoding="UTF-8"?>
<!-- Generated by org.testng.reporters.JUnitReportReporter -->
<testsuite hostname="LAPTOP-5KMFOFH9" failures="0" tests="1" name="apiTest.CookiesTest" time="2.745" errors="0" timestamp="2024-06-18T21:29:12 IST" skipped="0">
  <testcase classname="apiTest.CookiesTest" name="getSetOfCookies" time="2.745"/>
  <system-out/>
</testsuite> <!-- apiTest.CookiesTest -->
