<?xml version="1.0" encoding="UTF-8"?>
<!-- Generated by org.testng.reporters.JUnitReportReporter -->
<testsuite hostname="LAPTOP-5KMFOFH9" failures="0" tests="1" name="httpMethods.GetRequest_Latest" time="3.350" errors="0" timestamp="2024-06-20T14:38:14 IST" skipped="0">
  <testcase classname="httpMethods.GetRequest_Latest" name="listOfUsers" time="3.350"/>
  <system-out/>
</testsuite> <!-- httpMethods.GetRequest_Latest -->
