<?xml version="1.0" encoding="UTF-8"?>
<!-- Generated by org.testng.reporters.JUnitReportReporter -->
<testsuite hostname="LAPTOP-5KMFOFH9" failures="0" tests="1" name="scenario1.ExcelDataRead" time="1.242" errors="0" timestamp="2024-07-09T21:44:01 IST" skipped="0">
  <testcase classname="scenario1.ExcelDataRead" name="datafromfile" time="1.242"/>
  <system-out/>
</testsuite> <!-- scenario1.ExcelDataRead -->
