<?xml version="1.0" encoding="UTF-8"?>
<!-- Generated by org.testng.reporters.JUnitReportReporter -->
<testsuite hostname="LAPTOP-5KMFOFH9" failures="0" tests="1" name="httpMethods.GetRequest_OlderWay" time="2.905" errors="0" timestamp="2024-06-20T14:34:54 IST" skipped="0">
  <testcase classname="httpMethods.GetRequest_OlderWay" name="singleUserGetRequest" time="2.905"/>
  <system-out/>
</testsuite> <!-- httpMethods.GetRequest_OlderWay -->
