<?xml version="1.0" encoding="UTF-8"?>
<!-- Generated by org.testng.reporters.JUnitReportReporter -->
<testsuite hostname="LAPTOP-5KMFOFH9" failures="0" tests="1" name="driverSessions.UiAutomator2OptionsSession" time="15.971" errors="0" timestamp="2024-06-26T20:21:46 IST" skipped="0">
  <testcase classname="driverSessions.UiAutomator2OptionsSession" name="createDriverSession" time="15.971"/>
  <system-out/>
</testsuite> <!-- driverSessions.UiAutomator2OptionsSession -->
