<?xml version="1.0" encoding="UTF-8"?>
<!-- Generated by org.testng.reporters.JUnitReportReporter -->
<testsuite hostname="LAPTOP-5KMFOFH9" failures="0" tests="1" name="httpMethods.Update_DeleteUser" time="2.870" errors="0" timestamp="2024-06-18T20:38:04 IST" skipped="0">
  <testcase classname="httpMethods.Update_DeleteUser" name="deleteRequest" time="2.870"/>
  <system-out/>
</testsuite> <!-- httpMethods.Update_DeleteUser -->
