<?xml version="1.0" encoding="UTF-8"?>
<!-- Generated by org.testng.reporters.JUnitReportReporter -->
<testsuite hostname="LAPTOP-5KMFOFH9" failures="0" tests="1" name="mobileScenarios.Lock_Unlock_Rotate" time="13.805" errors="0" timestamp="2024-06-26T21:06:06 IST" skipped="0">
  <testcase classname="mobileScenarios.Lock_Unlock_Rotate" name="testDeviceGeneralFeatures" time="13.805"/>
  <system-out/>
</testsuite> <!-- mobileScenarios.Lock_Unlock_Rotate -->
