<?xml version="1.0" encoding="UTF-8"?>
<!-- Generated by org.testng.reporters.JUnitReportReporter -->
<testsuite hostname="LAPTOP-5KMFOFH9" failures="0" tests="1" name="mobileScenarios.ReadNotifications" time="13.345" errors="0" timestamp="2024-06-26T20:35:39 IST" skipped="0">
  <testcase classname="mobileScenarios.ReadNotifications" name="testNotifications" time="13.345"/>
  <system-out/>
</testsuite> <!-- mobileScenarios.ReadNotifications -->
