<?xml version="1.0" encoding="UTF-8"?>
<!-- Generated by org.testng.reporters.JUnitReportReporter -->
<testsuite hostname="LAPTOP-5KMFOFH9" failures="0" tests="1" name="httpMethods.POSTRequest" time="5.787" errors="0" timestamp="2024-06-17T22:21:13 IST" skipped="0">
  <testcase classname="httpMethods.POSTRequest" name="postWithHashMap" time="5.787"/>
  <system-out/>
</testsuite> <!-- httpMethods.POSTRequest -->
