<?xml version="1.0" encoding="UTF-8"?>
<!-- Generated by org.testng.reporters.JUnitReportReporter -->
<testsuite hostname="LAPTOP-5KMFOFH9" failures="0" tests="1" name="apiTest.AuthenticationTypes" time="5.337" errors="0" timestamp="2024-06-19T21:33:19 IST" skipped="0">
  <testcase classname="apiTest.AuthenticationTypes" name="Oauth2Auth" time="5.337"/>
  <system-out/>
</testsuite> <!-- apiTest.AuthenticationTypes -->
