<?xml version="1.0" encoding="UTF-8"?>
<!-- Generated by org.testng.reporters.JUnitReportReporter -->
<testsuite hostname="LAPTOP-5KMFOFH9" failures="0" tests="1" name="httpMethods.QueryPathParameterTest" time="2.737" errors="0" timestamp="2024-06-18T21:11:33 IST" skipped="0">
  <testcase classname="httpMethods.QueryPathParameterTest" name="queryPathParameters" time="2.737"/>
  <system-out/>
</testsuite> <!-- httpMethods.QueryPathParameterTest -->
