<?xml version="1.0" encoding="UTF-8"?>
<!-- Generated by org.testng.reporters.JUnitReportReporter -->
<testsuite hostname="LAPTOP-5KMFOFH9" failures="0" tests="1" name="mobileScenarios.WorkingWithApp" time="24.774" errors="0" timestamp="2024-06-26T21:53:25 IST" skipped="0">
  <testcase classname="mobileScenarios.WorkingWithApp" name="testApp" time="24.774"/>
  <system-out/>
</testsuite> <!-- mobileScenarios.WorkingWithApp -->
