<?xml version="1.0" encoding="UTF-8"?>
<!-- Generated by org.testng.reporters.JUnitReportReporter -->
<testsuite hostname="LAPTOP-5KMFOFH9" failures="0" tests="1" name="mobileElementGestures.SwipeGesture" time="15.205" errors="0" timestamp="2024-06-25T21:35:18 IST" skipped="0">
  <testcase classname="mobileElementGestures.SwipeGesture" name="testSwipe" time="15.205"/>
  <system-out/>
</testsuite> <!-- mobileElementGestures.SwipeGesture -->
